d:\xuyanci\xuyanci\project\qtinnomaker\build-qtinnomaker-desktop_qt_5_15_2_msvc2019_32bit\qtinnomaker.dir\debug\vc141.pdb
d:\xuyanci\xuyanci\project\qtinnomaker\build-qtinnomaker-desktop_qt_5_15_2_msvc2019_32bit\qtinnomaker.dir\debug\devicehotplug.obj
d:\xuyanci\xuyanci\project\qtinnomaker\build-qtinnomaker-desktop_qt_5_15_2_msvc2019_32bit\qtinnomaker.dir\debug\worker.obj
d:\xuyanci\xuyanci\project\qtinnomaker\build-qtinnomaker-desktop_qt_5_15_2_msvc2019_32bit\qtinnomaker.dir\debug\formatter.obj
d:\xuyanci\xuyanci\project\qtinnomaker\build-qtinnomaker-desktop_qt_5_15_2_msvc2019_32bit\qtinnomaker.dir\debug\delay_sender.obj
d:\xuyanci\xuyanci\project\qtinnomaker\build-qtinnomaker-desktop_qt_5_15_2_msvc2019_32bit\qtinnomaker.dir\debug\mainwindow.obj
d:\xuyanci\xuyanci\project\qtinnomaker\build-qtinnomaker-desktop_qt_5_15_2_msvc2019_32bit\qtinnomaker.dir\debug\main.obj
d:\xuyanci\xuyanci\project\qtinnomaker\build-qtinnomaker-desktop_qt_5_15_2_msvc2019_32bit\qtinnomaker.dir\debug\mocs_compilation_debug.obj
d:\xuyanci\xuyanci\project\qtinnomaker\build-qtinnomaker-desktop_qt_5_15_2_msvc2019_32bit\qtinnomaker_autogen\autouic_debug.stamp
d:\xuyanci\xuyanci\project\qtinnomaker\build-qtinnomaker-desktop_qt_5_15_2_msvc2019_32bit\cmakefiles\generate.stamp
d:\xuyanci\xuyanci\project\qtinnomaker\qtinnomaker\qtinnomaker_en_as.ts
d:\xuyanci\xuyanci\project\qtinnomaker\build-qtinnomaker-desktop_qt_5_15_2_msvc2019_32bit\debug\qtinnomaker.ilk
d:\xuyanci\xuyanci\project\qtinnomaker\build-qtinnomaker-desktop_qt_5_15_2_msvc2019_32bit\debug\qtinnomaker.exe
d:\xuyanci\xuyanci\project\qtinnomaker\build-qtinnomaker-desktop_qt_5_15_2_msvc2019_32bit\debug\qtinnomaker.pdb
d:\xuyanci\xuyanci\project\qtinnomaker\build-qtinnomaker-desktop_qt_5_15_2_msvc2019_32bit\qtinnomaker.dir\debug\qtinnomaker.tlog\cl.command.1.tlog
d:\xuyanci\xuyanci\project\qtinnomaker\build-qtinnomaker-desktop_qt_5_15_2_msvc2019_32bit\qtinnomaker.dir\debug\qtinnomaker.tlog\cl.read.1.tlog
d:\xuyanci\xuyanci\project\qtinnomaker\build-qtinnomaker-desktop_qt_5_15_2_msvc2019_32bit\qtinnomaker.dir\debug\qtinnomaker.tlog\cl.write.1.tlog
d:\xuyanci\xuyanci\project\qtinnomaker\build-qtinnomaker-desktop_qt_5_15_2_msvc2019_32bit\qtinnomaker.dir\debug\qtinnomaker.tlog\custombuild.command.1.tlog
d:\xuyanci\xuyanci\project\qtinnomaker\build-qtinnomaker-desktop_qt_5_15_2_msvc2019_32bit\qtinnomaker.dir\debug\qtinnomaker.tlog\custombuild.read.1.tlog
d:\xuyanci\xuyanci\project\qtinnomaker\build-qtinnomaker-desktop_qt_5_15_2_msvc2019_32bit\qtinnomaker.dir\debug\qtinnomaker.tlog\custombuild.write.1.tlog
d:\xuyanci\xuyanci\project\qtinnomaker\build-qtinnomaker-desktop_qt_5_15_2_msvc2019_32bit\qtinnomaker.dir\debug\qtinnomaker.tlog\link.command.1.tlog
d:\xuyanci\xuyanci\project\qtinnomaker\build-qtinnomaker-desktop_qt_5_15_2_msvc2019_32bit\qtinnomaker.dir\debug\qtinnomaker.tlog\link.read.1.tlog
d:\xuyanci\xuyanci\project\qtinnomaker\build-qtinnomaker-desktop_qt_5_15_2_msvc2019_32bit\qtinnomaker.dir\debug\qtinnomaker.tlog\link.write.1.tlog
