The system is: Windows - 10.0.19041 - AMD64
The system is: Windows - 10.0.19041 - AMD64
The system is: Windows - 10.0.19041 - AMD64
The system is: Windows - 10.0.19041 - AMD64
The system is: Windows - 10.0.19041 - AMD64
The system is: Windows - 10.0.19041 - AMD64
The system is: Windows - 10.0.19041 - AMD64
Compiling the CXX compiler identification source file "CMakeCXXCompilerId.cpp" succeeded.
Compiler: C:/Program Files (x86)/Microsoft Visual Studio/2017/Community/VC/Tools/MSVC/14.16.27023/bin/HostX86/x86/cl.exe 
Build flags: -DQT_QML_DEBUG
Id flags:  

The output was:
0
用于 .NET Framework 的 Microsoft (R) 生成引擎版本 15.9.21+g9802d43bc3
版权所有(C) Microsoft Corporation。保留所有权利。

生成启动时间为 2023/11/5 23:47:07。
节点 1 上的项目“D:\XuYANCI\XuYanci\Project\QTInnoMaker\build-QTInnoMaker-Desktop_Qt_5_15_2_MSVC2019_64bit\CMakeFiles\3.24.2\CompilerIdCXX\CompilerIdCXX.vcxproj”(默认目标)。
PrepareForBuild:
  正在创建目录“Debug\”。
  正在创建目录“Debug\CompilerIdCXX.tlog\”。
InitializeBuildStatus:
  正在创建“Debug\CompilerIdCXX.tlog\unsuccessfulbuild”，因为已指定“AlwaysCreate”。
ClCompile:
  C:\Program Files (x86)\Microsoft Visual Studio\2017\Community\VC\Tools\MSVC\14.16.27023\bin\HostX86\x64\CL.exe /c /nologo /W0 /WX- /diagnostics:classic /Od /D _MBCS /Gm- /EHsc /RTC1 /MDd /GS /fp:precise /Zc:wchar_t /Zc:forScope /Zc:inline /Fo"Debug\\" /Fd"Debug\vc141.pdb" /Gd /TP /FC /errorReport:queue CMakeCXXCompilerId.cpp
  CMakeCXXCompilerId.cpp
Link:
  C:\Program Files (x86)\Microsoft Visual Studio\2017\Community\VC\Tools\MSVC\14.16.27023\bin\HostX86\x64\link.exe /ERRORREPORT:QUEUE /OUT:".\CompilerIdCXX.exe" /INCREMENTAL:NO /NOLOGO kernel32.lib user32.lib gdi32.lib winspool.lib comdlg32.lib advapi32.lib shell32.lib ole32.lib oleaut32.lib uuid.lib odbc32.lib odbccp32.lib /MANIFEST /MANIFESTUAC:"level='asInvoker' uiAccess='false'" /manifest:embed /PDB:".\CompilerIdCXX.pdb" /SUBSYSTEM:CONSOLE /TLBID:1 /DYNAMICBASE /NXCOMPAT /IMPLIB:".\CompilerIdCXX.lib" /MACHINE:X64 Debug\CMakeCXXCompilerId.obj
  CompilerIdCXX.vcxproj -> D:\XuYANCI\XuYanci\Project\QTInnoMaker\build-QTInnoMaker-Desktop_Qt_5_15_2_MSVC2019_64bit\CMakeFiles\3.24.2\CompilerIdCXX\.\CompilerIdCXX.exe
PostBuildEvent:
  for %%i in (cl.exe) do @echo CMAKE_CXX_COMPILER=%%~$PATH:i
  :VCEnd
  CMAKE_CXX_COMPILER=C:\Program Files (x86)\Microsoft Visual Studio\2017\Community\VC\Tools\MSVC\14.16.27023\bin\Hostx86\x64\cl.exe
FinalizeBuildStatus:
  正在删除文件“Debug\CompilerIdCXX.tlog\unsuccessfulbuild”。
  正在对“Debug\CompilerIdCXX.tlog\CompilerIdCXX.lastbuildstate”执行 Touch 任务。
已完成生成项目“D:\XuYANCI\XuYanci\Project\QTInnoMaker\build-QTInnoMaker-Desktop_Qt_5_15_2_MSVC2019_64bit\CMakeFiles\3.24.2\CompilerIdCXX\CompilerIdCXX.vcxproj”(默认目标)的操作。

已成功生成。
    0 个警告
    0 个错误

已用时间 00:00:03.62


Compilation of the CXX compiler identification source "CMakeCXXCompilerId.cpp" produced "CompilerIdCXX.exe"

Compilation of the CXX compiler identification source "CMakeCXXCompilerId.cpp" produced "CompilerIdCXX.vcxproj"

The CXX compiler identification is MSVC, found in "D:/XuYANCI/XuYanci/Project/QTInnoMaker/build-QTInnoMaker-Desktop_Qt_5_15_2_MSVC2019_64bit/CMakeFiles/3.24.2/CompilerIdCXX/CompilerIdCXX.exe"

Detecting CXX compiler ABI info compiled with the following output:
Change Dir: D:/XuYANCI/XuYanci/Project/QTInnoMaker/build-QTInnoMaker-Desktop_Qt_5_15_2_MSVC2019_64bit/CMakeFiles/CMakeTmp

Run Build Command(s):C:/Program Files (x86)/Microsoft Visual Studio/2017/Community/MSBuild/15.0/Bin/MSBuild.exe cmTC_83475.vcxproj /p:Configuration=Debug /p:Platform=x64 /p:VisualStudioVersion=15.0 /v:m && 用于 .NET Framework 的 Microsoft (R) 生成引擎版本 15.9.21+g9802d43bc3
版权所有(C) Microsoft Corporation。保留所有权利。

  用于 x64 的 Microsoft (R) C/C++ 优化编译器 19.16.27043 版
  版权所有(C) Microsoft Corporation。保留所有权利。
  
  cl /c /Zi /W3 /WX- /diagnostics:classic /Od /Ob0 /D _MBCS /D QT_QML_DEBUG /D WIN32 /D _WINDOWS /D "CMAKE_INTDIR=\"Debug\"" /Gm- /EHsc /RTC1 /MDd /GS /fp:precise /Zc:wchar_t /Zc:forScope /Zc:inline /GR /Fo"cmTC_83475.dir\Debug\\" /Fd"cmTC_83475.dir\Debug\vc141.pdb" /Gd /TP /errorReport:queue "D:\Qt\Tools\CMake_64\share\cmake-3.24\Modules\CMakeCXXCompilerABI.cpp"
  
  CMakeCXXCompilerABI.cpp
  cmTC_83475.vcxproj -> D:\XuYANCI\XuYanci\Project\QTInnoMaker\build-QTInnoMaker-Desktop_Qt_5_15_2_MSVC2019_64bit\CMakeFiles\CMakeTmp\Debug\cmTC_83475.exe



