d:\xuyanci\xuyanci\project\qtinnomaker\build-qtinnomaker-desktop_qt_5_15_2_msvc2019_32bit\qtinnomaker.dir\release\mocs_compilation_release.obj
d:\xuyanci\xuyanci\project\qtinnomaker\build-qtinnomaker-desktop_qt_5_15_2_msvc2019_32bit\qtinnomaker.dir\release\devicehotplug.obj
d:\xuyanci\xuyanci\project\qtinnomaker\build-qtinnomaker-desktop_qt_5_15_2_msvc2019_32bit\qtinnomaker.dir\release\worker.obj
d:\xuyanci\xuyanci\project\qtinnomaker\build-qtinnomaker-desktop_qt_5_15_2_msvc2019_32bit\qtinnomaker.dir\release\formatter.obj
d:\xuyanci\xuyanci\project\qtinnomaker\build-qtinnomaker-desktop_qt_5_15_2_msvc2019_32bit\qtinnomaker.dir\release\delay_sender.obj
d:\xuyanci\xuyanci\project\qtinnomaker\build-qtinnomaker-desktop_qt_5_15_2_msvc2019_32bit\qtinnomaker.dir\release\mainwindow.obj
d:\xuyanci\xuyanci\project\qtinnomaker\build-qtinnomaker-desktop_qt_5_15_2_msvc2019_32bit\qtinnomaker.dir\release\main.obj
d:\xuyanci\xuyanci\project\qtinnomaker\qtinnomaker\qtinnomaker_en_as.ts
d:\xuyanci\xuyanci\project\qtinnomaker\build-qtinnomaker-desktop_qt_5_15_2_msvc2019_32bit\qtinnomaker_autogen\autouic_release.stamp
d:\xuyanci\xuyanci\project\qtinnomaker\build-qtinnomaker-desktop_qt_5_15_2_msvc2019_32bit\cmakefiles\generate.stamp
d:\xuyanci\xuyanci\project\qtinnomaker\build-qtinnomaker-desktop_qt_5_15_2_msvc2019_32bit\release\qtinnomaker.exe
d:\xuyanci\xuyanci\project\qtinnomaker\build-qtinnomaker-desktop_qt_5_15_2_msvc2019_32bit\qtinnomaker.dir\release\qtinnomaker.tlog\cl.command.1.tlog
d:\xuyanci\xuyanci\project\qtinnomaker\build-qtinnomaker-desktop_qt_5_15_2_msvc2019_32bit\qtinnomaker.dir\release\qtinnomaker.tlog\cl.read.1.tlog
d:\xuyanci\xuyanci\project\qtinnomaker\build-qtinnomaker-desktop_qt_5_15_2_msvc2019_32bit\qtinnomaker.dir\release\qtinnomaker.tlog\cl.write.1.tlog
d:\xuyanci\xuyanci\project\qtinnomaker\build-qtinnomaker-desktop_qt_5_15_2_msvc2019_32bit\qtinnomaker.dir\release\qtinnomaker.tlog\custombuild.command.1.tlog
d:\xuyanci\xuyanci\project\qtinnomaker\build-qtinnomaker-desktop_qt_5_15_2_msvc2019_32bit\qtinnomaker.dir\release\qtinnomaker.tlog\custombuild.read.1.tlog
d:\xuyanci\xuyanci\project\qtinnomaker\build-qtinnomaker-desktop_qt_5_15_2_msvc2019_32bit\qtinnomaker.dir\release\qtinnomaker.tlog\custombuild.write.1.tlog
d:\xuyanci\xuyanci\project\qtinnomaker\build-qtinnomaker-desktop_qt_5_15_2_msvc2019_32bit\qtinnomaker.dir\release\qtinnomaker.tlog\link.command.1.tlog
d:\xuyanci\xuyanci\project\qtinnomaker\build-qtinnomaker-desktop_qt_5_15_2_msvc2019_32bit\qtinnomaker.dir\release\qtinnomaker.tlog\link.read.1.tlog
d:\xuyanci\xuyanci\project\qtinnomaker\build-qtinnomaker-desktop_qt_5_15_2_msvc2019_32bit\qtinnomaker.dir\release\qtinnomaker.tlog\link.write.1.tlog
