d:\xuyanci\xuyanci\project\qtinnomaker\build-qtinnomaker-desktop_qt_5_15_2_msvc2019_64bit\qtinnomaker.dir\relwithdebinfo\vc141.pdb
d:\xuyanci\xuyanci\project\qtinnomaker\build-qtinnomaker-desktop_qt_5_15_2_msvc2019_64bit\qtinnomaker.dir\relwithdebinfo\mocs_compilation_relwithdebinfo.obj
d:\xuyanci\xuyanci\project\qtinnomaker\build-qtinnomaker-desktop_qt_5_15_2_msvc2019_64bit\qtinnomaker.dir\relwithdebinfo\devicehotplug.obj
d:\xuyanci\xuyanci\project\qtinnomaker\build-qtinnomaker-desktop_qt_5_15_2_msvc2019_64bit\qtinnomaker.dir\relwithdebinfo\worker.obj
d:\xuyanci\xuyanci\project\qtinnomaker\build-qtinnomaker-desktop_qt_5_15_2_msvc2019_64bit\qtinnomaker.dir\relwithdebinfo\formatter.obj
d:\xuyanci\xuyanci\project\qtinnomaker\build-qtinnomaker-desktop_qt_5_15_2_msvc2019_64bit\qtinnomaker.dir\relwithdebinfo\delay_sender.obj
d:\xuyanci\xuyanci\project\qtinnomaker\build-qtinnomaker-desktop_qt_5_15_2_msvc2019_64bit\qtinnomaker.dir\relwithdebinfo\mainwindow.obj
d:\xuyanci\xuyanci\project\qtinnomaker\build-qtinnomaker-desktop_qt_5_15_2_msvc2019_64bit\qtinnomaker.dir\relwithdebinfo\main.obj
d:\xuyanci\xuyanci\project\qtinnomaker\build-qtinnomaker-desktop_qt_5_15_2_msvc2019_64bit\qtinnomaker_autogen\autouic_relwithdebinfo.stamp
d:\xuyanci\xuyanci\project\qtinnomaker\build-qtinnomaker-desktop_qt_5_15_2_msvc2019_64bit\cmakefiles\generate.stamp
d:\xuyanci\xuyanci\project\qtinnomaker\qtinnomaker\qtinnomaker_en_as.ts
d:\xuyanci\xuyanci\project\qtinnomaker\build-qtinnomaker-desktop_qt_5_15_2_msvc2019_64bit\relwithdebinfo\qtinnomaker.ilk
d:\xuyanci\xuyanci\project\qtinnomaker\build-qtinnomaker-desktop_qt_5_15_2_msvc2019_64bit\relwithdebinfo\qtinnomaker.exe
d:\xuyanci\xuyanci\project\qtinnomaker\build-qtinnomaker-desktop_qt_5_15_2_msvc2019_64bit\relwithdebinfo\qtinnomaker.pdb
d:\xuyanci\xuyanci\project\qtinnomaker\build-qtinnomaker-desktop_qt_5_15_2_msvc2019_64bit\qtinnomaker.dir\relwithdebinfo\qtinnomaker.tlog\cl.command.1.tlog
d:\xuyanci\xuyanci\project\qtinnomaker\build-qtinnomaker-desktop_qt_5_15_2_msvc2019_64bit\qtinnomaker.dir\relwithdebinfo\qtinnomaker.tlog\cl.read.1.tlog
d:\xuyanci\xuyanci\project\qtinnomaker\build-qtinnomaker-desktop_qt_5_15_2_msvc2019_64bit\qtinnomaker.dir\relwithdebinfo\qtinnomaker.tlog\cl.write.1.tlog
d:\xuyanci\xuyanci\project\qtinnomaker\build-qtinnomaker-desktop_qt_5_15_2_msvc2019_64bit\qtinnomaker.dir\relwithdebinfo\qtinnomaker.tlog\custombuild.command.1.tlog
d:\xuyanci\xuyanci\project\qtinnomaker\build-qtinnomaker-desktop_qt_5_15_2_msvc2019_64bit\qtinnomaker.dir\relwithdebinfo\qtinnomaker.tlog\custombuild.read.1.tlog
d:\xuyanci\xuyanci\project\qtinnomaker\build-qtinnomaker-desktop_qt_5_15_2_msvc2019_64bit\qtinnomaker.dir\relwithdebinfo\qtinnomaker.tlog\custombuild.write.1.tlog
d:\xuyanci\xuyanci\project\qtinnomaker\build-qtinnomaker-desktop_qt_5_15_2_msvc2019_64bit\qtinnomaker.dir\relwithdebinfo\qtinnomaker.tlog\link.command.1.tlog
d:\xuyanci\xuyanci\project\qtinnomaker\build-qtinnomaker-desktop_qt_5_15_2_msvc2019_64bit\qtinnomaker.dir\relwithdebinfo\qtinnomaker.tlog\link.read.1.tlog
d:\xuyanci\xuyanci\project\qtinnomaker\build-qtinnomaker-desktop_qt_5_15_2_msvc2019_64bit\qtinnomaker.dir\relwithdebinfo\qtinnomaker.tlog\link.write.1.tlog
